<?xml version="1.0" encoding="utf-8" standalone="no"?>
<!--This file represents the results of running a test suite-->
<test-results name="/Users/globatos/Documents/API/SECURITY_TEST/rcc-ficoscore-client-csharp/src/IO.SecurityTest.Test/bin/Debug/IO.SecurityTest.Test.dll" total="1" errors="0" failures="0" not-run="0" inconclusive="0" ignored="0" skipped="0" invalid="0" date="2024-01-09" time="17:00:56">
  <environment nunit-version="2.6.4.14350" clr-version="4.0.30319.42000" os-version="Unix 22.6.0.0" platform="Unix" cwd="/Users/globatos/Documents/API/SECURITY_TEST/rcc-ficoscore-client-csharp" machine-name="Mac-de-Gamaliel-Lobato" user="globatos" user-domain="Mac-de-Gamaliel-Lobato" />
  <culture-info current-culture="es-MX" current-uiculture="es-MX" />
  <test-suite type="Assembly" name="/Users/globatos/Documents/API/SECURITY_TEST/rcc-ficoscore-client-csharp/src/IO.SecurityTest.Test/bin/Debug/IO.SecurityTest.Test.dll" executed="True" result="Success" success="True" time="4.658" asserts="0">
    <results>
      <test-suite type="Namespace" name="IO" executed="True" result="Success" success="True" time="4.643" asserts="0">
        <results>
          <test-suite type="Namespace" name="SecurityTest" executed="True" result="Success" success="True" time="4.642" asserts="0">
            <results>
              <test-suite type="Namespace" name="Test" executed="True" result="Success" success="True" time="4.641" asserts="0">
                <results>
                  <test-suite type="TestFixture" name="SecurityTestApiTests" executed="True" result="Success" success="True" time="4.640" asserts="0">
                    <results>
                      <test-case name="IO.SecurityTest.Test.SecurityTestApiTests.test" executed="True" result="Success" success="True" time="4.625" asserts="0" />
                    </results>
                  </test-suite>
                </results>
              </test-suite>
            </results>
          </test-suite>
        </results>
      </test-suite>
    </results>
  </test-suite>
</test-results>